-------------------------------------------------------------------------------
Test set: com.vytrack.runners.CukesRunner
-------------------------------------------------------------------------------
Tests run: 3, Failures: 2, Errors: 0, Skipped: 0, Time elapsed: 62.436 s <<< FAILURE! - in com.vytrack.runners.CukesRunner
Sales manager user(Account types)  Time elapsed: 13.852 s  <<< FAILURE!
java.lang.AssertionError

Store manager user(Account types)  Time elapsed: 34.715 s  <<< FAILURE!
java.lang.AssertionError

